
> starter_helpi@0.1.0 test
> react-scripts test --coverage

FAIL src/App.test.tsx
  ● Test suite failed to run

    Your test suite must contain at least one test.

      at onResult (node_modules/@jest/core/build/TestScheduler.js:175:18)
      at node_modules/@jest/core/build/TestScheduler.js:316:17
      at node_modules/emittery/index.js:260:13
          at Array.map (<anonymous>)
      at Emittery.emit (node_modules/emittery/index.js:258:23)

---------------------|---------|----------|---------|---------|-------------------
File                 | % Stmts | % Branch | % Funcs | % Lines | Uncovered Line #s 
---------------------|---------|----------|---------|---------|-------------------
All files            |       0 |        0 |       0 |       0 |                   
 src                 |       0 |        0 |       0 |       0 |                   
  index.tsx          |       0 |      100 |     100 |       0 | 7-19              
  reportWebVitals.ts |       0 |        0 |       0 |       0 | 3-10              
 src/Components      |       0 |        0 |       0 |       0 |                   
  App.tsx            |       0 |        0 |       0 |       0 | 11-85             
  Themes.tsx         |       0 |      100 |     100 |       0 | 33-62             
  bquestions.tsx     |       0 |        0 |       0 |       0 | 9-105             
  chat.tsx           |       0 |      100 |       0 |       0 | 4-44              
  dquestions.tsx     |       0 |        0 |       0 |       0 | 10-80             
  dquestions2.tsx    |       0 |        0 |       0 |       0 | 10-86             
  home.tsx           |       0 |      100 |       0 |       0 | 6-24              
  results.tsx        |       0 |        0 |       0 |       0 | 7-65              
---------------------|---------|----------|---------|---------|-------------------
Test Suites: 1 failed, 1 total
Tests:       0 total
Snapshots:   0 total
Time:        2.818 s
Ran all test suites.
[0;33mOne of your dependencies, babel-preset-react-app, is importing the
"@babel/plugin-proposal-private-property-in-object" package without
declaring it in its dependencies. This is currently working because
"@babel/plugin-proposal-private-property-in-object" is already in your
node_modules folder for unrelated reasons, but it [1mmay break at any time[0;33m.

babel-preset-react-app is part of the create-react-app project, [1mwhich
is not maintianed anymore[0;33m. It is thus unlikely that this bug will
ever be fixed. Add "@babel/plugin-proposal-private-property-in-object" to
your devDependencies to work around this error. This will make this message
go away.[0m
  
